<?xml version="1.0" encoding="UTF-8"?>
<testsuite name="Consultar una materia" tests="1" skipped="0" failures="0" errors="0" timestamp="2024-11-07T14:31:49" hostname="FEMPUTADORA" time="5.314">
  <properties/>
  <testcase name="El usuario busca una materia por código" classname="Consultar una materia" time="5.314"/>
  <system-out><![CDATA[]]></system-out>
  <system-err><![CDATA[[Test worker] INFO  - 
  _____   ___   ___   _____     ___   _____     _     ___   _____   ___   ___  
 |_   _| | __| / __| |_   _|   / __| |_   _|   /_\   | _ \ |_   _| | __| |   \ 
   | |   | _|  \__ \   | |     \__ \   | |    / _ \  |   /   | |   | _|  | |) |
   |_|   |___| |___/   |_|     |___/   |_|   /_/ \_\ |_|_\   |_|   |___| |___/ 

El usuario busca una materia por código(consultar-una-materia;el-usuario-busca-una-materia-por-código)
--------------------------------------------------------------------------------
[Test worker] INFO  - 
  _____   ___   ___   _____     ___     _     ___   ___   ___   ___  
 |_   _| | __| / __| |_   _|   | _ \   /_\   / __| / __| | __| |   \ 
   | |   | _|  \__ \   | |     |  _/  / _ \  \__ \ \__ \ | _|  | |) |
   |_|   |___| |___/   |_|     |_|   /_/ \_\ |___/ |___/ |___| |___/ 

El usuario busca una materia por código
----------------------------------------------------------------------
]]></system-err>
</testsuite>
