<?xml version="1.0" encoding="UTF-8"?>
<testsuite name="Consultar materias" tests="3" skipped="0" failures="2" errors="0" timestamp="2024-11-08T02:40:20" hostname="FEMPUTADORA" time="3.117">
  <properties/>
  <testcase name="El usuario busca la informacion de todas las materias" classname="Consultar materias" time="2.88">
    <failure message="java.lang.AssertionError: 1 expectation failed.&#10;JSON path [0].id doesn't match.&#10;Expected: 2508120&#10;  Actual: l1&#10;" type="java.lang.AssertionError">java.lang.AssertionError: 1 expectation failed.
JSON path [0].id doesn't match.
Expected: 2508120
  Actual: l1

	at net.serenitybdd.screenplay.ErrorTally.throwSummaryExceptionFrom(ErrorTally.java:38)
	at net.serenitybdd.screenplay.ErrorTally.reportAnyErrors(ErrorTally.java:32)
	at net.serenitybdd.screenplay.Actor.should(Actor.java:397)
	at com.toolbox.toolbox.stepdefinitions.SubjectStepDefinition.allSubjectsInfo(SubjectStepDefinition.java:68)
	at ✽.el sistema responde con una lista con la informacion de todas las materias(file:///D:/GitHub/screenplay/src/test/resources/features/get_subject.feature:9)
</failure>
  </testcase>
  <testcase name="El usuario busca una materia existente por su codigo" classname="Consultar materias" time="0.147">
    <failure message="java.lang.AssertionError: 1 expectation failed.&#10;JSON path name   doesn't match.&#10;Expected: Descubriendo la Física&#10;  Actual: Lógica 1&#10;" type="java.lang.AssertionError">java.lang.AssertionError: 1 expectation failed.
JSON path name   doesn't match.
Expected: Descubriendo la Física
  Actual: Lógica 1

	at net.serenitybdd.screenplay.ErrorTally.throwSummaryExceptionFrom(ErrorTally.java:38)
	at net.serenitybdd.screenplay.ErrorTally.reportAnyErrors(ErrorTally.java:32)
	at net.serenitybdd.screenplay.Actor.should(Actor.java:397)
	at com.toolbox.toolbox.stepdefinitions.SubjectStepDefinition.subjectInfo(SubjectStepDefinition.java:49)
	at ✽.el sistema responde con la informacion detallada de la materia(file:///D:/GitHub/screenplay/src/test/resources/features/get_subject.feature:14)
</failure>
  </testcase>
  <testcase name="El usuario busca una materia inexistente por código" classname="Consultar materias" time="0.09"/>
  <system-out><![CDATA[]]></system-out>
  <system-err><![CDATA[[Test worker] INFO  - 
  _____   ___   ___   _____     ___   _____     _     ___   _____   ___   ___  
 |_   _| | __| / __| |_   _|   / __| |_   _|   /_\   | _ \ |_   _| | __| |   \ 
   | |   | _|  \__ \   | |     \__ \   | |    / _ \  |   /   | |   | _|  | |) |
   |_|   |___| |___/   |_|     |___/   |_|   /_/ \_\ |_|_\   |_|   |___| |___/ 

El usuario busca la informacion de todas las materias(consultar-materias;el-usuario-busca-la-informacion-de-todas-las-materias)
--------------------------------------------------------------------------------
[Test worker] ERROR  - 
  _____   ___   ___   _____     ___     _     ___   _      ___   ___  
 |_   _| | __| / __| |_   _|   | __|   /_\   |_ _| | |    | __| |   \ 
   | |   | _|  \__ \   | |     | _|   / _ \   | |  | |__  | _|  | |) |
   |_|   |___| |___/   |_|     |_|   /_/ \_\ |___| |____| |___| |___/ 

El usuario busca la informacion de todas las materias
-----------------------------------------------------------------------
[Test worker] ERROR  -     Test failed at step: A valid response is returned
[Test worker] ERROR  -     1 expectation failed.JSON path [0].id doesn't match.Expected: 2508120  Actual: l1
[Test worker] INFO  - 
  _____   ___   ___   _____     ___   _____     _     ___   _____   ___   ___  
 |_   _| | __| / __| |_   _|   / __| |_   _|   /_\   | _ \ |_   _| | __| |   \ 
   | |   | _|  \__ \   | |     \__ \   | |    / _ \  |   /   | |   | _|  | |) |
   |_|   |___| |___/   |_|     |___/   |_|   /_/ \_\ |_|_\   |_|   |___| |___/ 

El usuario busca una materia existente por su codigo(consultar-materias;el-usuario-busca-una-materia-existente-por-su-codigo)
--------------------------------------------------------------------------------
[Test worker] ERROR  - 
  _____   ___   ___   _____     ___     _     ___   _      ___   ___  
 |_   _| | __| / __| |_   _|   | __|   /_\   |_ _| | |    | __| |   \ 
   | |   | _|  \__ \   | |     | _|   / _ \   | |  | |__  | _|  | |) |
   |_|   |___| |___/   |_|     |_|   /_/ \_\ |___| |____| |___| |___/ 

El usuario busca una materia existente por su codigo
-----------------------------------------------------------------------
[Test worker] ERROR  -     Test failed at step: A valid response is returned
[Test worker] ERROR  -     1 expectation failed.JSON path name   doesn't match.Expected: Descubriendo la Física  Actual: Lógica 1
[Test worker] INFO  - 
  _____   ___   ___   _____     ___   _____     _     ___   _____   ___   ___  
 |_   _| | __| / __| |_   _|   / __| |_   _|   /_\   | _ \ |_   _| | __| |   \ 
   | |   | _|  \__ \   | |     \__ \   | |    / _ \  |   /   | |   | _|  | |) |
   |_|   |___| |___/   |_|     |___/   |_|   /_/ \_\ |_|_\   |_|   |___| |___/ 

El usuario busca una materia inexistente por código(consultar-materias;el-usuario-busca-una-materia-inexistente-por-código)
--------------------------------------------------------------------------------
[Test worker] INFO  - 
  _____   ___   ___   _____     ___     _     ___   ___   ___   ___  
 |_   _| | __| / __| |_   _|   | _ \   /_\   / __| / __| | __| |   \ 
   | |   | _|  \__ \   | |     |  _/  / _ \  \__ \ \__ \ | _|  | |) |
   |_|   |___| |___/   |_|     |_|   /_/ \_\ |___/ |___/ |___| |___/ 

El usuario busca una materia inexistente por código
----------------------------------------------------------------------
]]></system-err>
</testsuite>
