<?xml version="1.0" encoding="UTF-8" standalone="no"?><testsuite errors="0" failures="1" name="Crear una nueva materia" skipped="0" tests="1" time="0.62" timestamp="2024-11-08 06:56:21"><testcase name="El usuario crea una materia sin estar logueado"><failure message="1 expectation failed.&#10;Expected status code &lt;200&gt; but was &lt;401&gt;.&#10;" type="java.lang.AssertionError">1 expectation failed.
Expected status code &lt;200&gt; but was &lt;401&gt;.
</failure><system-err>1 expectation failed.
Expected status code &lt;200&gt; but was &lt;401&gt;.
&#13;
io.restassured.internal.ResponseSpecificationImpl.validateResponseIfRequired(ResponseSpecificationImpl.groovy:696)&#13;
io.restassured.internal.ResponseSpecificationImpl.this$2$validateResponseIfRequired(ResponseSpecificationImpl.groovy)&#13;
io.restassured.internal.ResponseSpecificationImpl.statusCode(ResponseSpecificationImpl.groovy:135)&#13;
io.restassured.internal.ResponseSpecificationImpl.statusCode(ResponseSpecificationImpl.groovy:143)&#13;
io.restassured.internal.ValidatableResponseOptionsImpl.statusCode(ValidatableResponseOptionsImpl.java:89)&#13;
com.toolbox.toolbox.stepdefinitions.PostStepDefinition.lambda$elSistemaDeberiaConfirmarLaCreacionConUnEstadoHTTP$0(PostDeleteStepDefinition.java:47)&#13;
com.toolbox.toolbox.stepdefinitions.PostStepDefinition.elSistemaDeberiaConfirmarLaCreacionConUnEstadoHTTP(PostDeleteStepDefinition.java:47)&#13;
worker.org.gradle.process.internal.worker.GradleWorkerMain.run(GradleWorkerMain.java:69)&#13;
worker.org.gradle.process.internal.worker.GradleWorkerMain.main(GradleWorkerMain.java:74)&#13;
</system-err></testcase></testsuite>