<?xml version="1.0" encoding="UTF-8" standalone="no"?><testsuite errors="0" failures="2" name="Consultar una materia" skipped="0" tests="2" time="0.59" timestamp="2024-11-07 11:51:26"><testcase name="El usuario busca una materia existente por su codigo"><failure message="1 expectation failed.&#10;JSON path [0].name   doesn't match.&#10;Expected: Descubriendo la Física&#10;  Actual: Introducción a la Ingeniería de Sistemas&#10;" type="java.lang.AssertionError">1 expectation failed.
JSON path [0].name   doesn't match.
Expected: Descubriendo la Física
  Actual: Introducción a la Ingeniería de Sistemas
</failure><system-err>1 expectation failed.
JSON path [0].name   doesn't match.
Expected: Descubriendo la Física
  Actual: Introducción a la Ingeniería de Sistemas
&#13;
io.restassured.internal.ResponseSpecificationImpl.validateResponseIfRequired(ResponseSpecificationImpl.groovy:696)&#13;
io.restassured.internal.ResponseSpecificationImpl.this$2$validateResponseIfRequired(ResponseSpecificationImpl.groovy)&#13;
io.restassured.internal.ResponseSpecificationImpl.body(ResponseSpecificationImpl.groovy:270)&#13;
io.restassured.internal.ResponseSpecificationImpl.body(ResponseSpecificationImpl.groovy:117)&#13;
io.restassured.internal.ValidatableResponseOptionsImpl.body(ValidatableResponseOptionsImpl.java:244)&#13;
com.toolbox.toolbox.stepdefinitions.SubjectStepDefinition.lambda$subjectInfo$0(SubjectStepDefinition.java:53)&#13;
com.toolbox.toolbox.stepdefinitions.SubjectStepDefinition.subjectInfo(SubjectStepDefinition.java:52)&#13;
worker.org.gradle.process.internal.worker.GradleWorkerMain.run(GradleWorkerMain.java:69)&#13;
worker.org.gradle.process.internal.worker.GradleWorkerMain.main(GradleWorkerMain.java:74)&#13;
</system-err></testcase><testcase name="El usuario busca una materia inexistente por código"><failure message="1 expectation failed.&#10;Expected status code &lt;404&gt; but was &lt;200&gt;.&#10;" type="java.lang.AssertionError">1 expectation failed.
Expected status code &lt;404&gt; but was &lt;200&gt;.
</failure><system-err>1 expectation failed.
Expected status code &lt;404&gt; but was &lt;200&gt;.
&#13;
io.restassured.internal.ResponseSpecificationImpl.validateResponseIfRequired(ResponseSpecificationImpl.groovy:696)&#13;
io.restassured.internal.ResponseSpecificationImpl.this$2$validateResponseIfRequired(ResponseSpecificationImpl.groovy)&#13;
io.restassured.internal.ResponseSpecificationImpl.statusCode(ResponseSpecificationImpl.groovy:135)&#13;
io.restassured.internal.ResponseSpecificationImpl.statusCode(ResponseSpecificationImpl.groovy:143)&#13;
io.restassured.internal.ValidatableResponseOptionsImpl.statusCode(ValidatableResponseOptionsImpl.java:89)&#13;
com.toolbox.toolbox.stepdefinitions.SubjectStepDefinition.lambda$noExisteResponse$1(SubjectStepDefinition.java:60)&#13;
com.toolbox.toolbox.stepdefinitions.SubjectStepDefinition.noExisteResponse(SubjectStepDefinition.java:60)&#13;
worker.org.gradle.process.internal.worker.GradleWorkerMain.run(GradleWorkerMain.java:69)&#13;
worker.org.gradle.process.internal.worker.GradleWorkerMain.main(GradleWorkerMain.java:74)&#13;
</system-err></testcase></testsuite>